INFO:werkzeug:[31m[1mWARNING: This is a development server. Do not use it in a production deployment. Use a production WSGI server instead.[0m
 * Running on http://127.0.0.1:61785
INFO:werkzeug:[33mPress CTRL+C to quit[0m
INFO:main:=============> Controller def home: day - 2024-06-02
INFO:werkzeug:127.0.0.1 - - [02/Jun/2024 12:47:46] "[32mGET / HTTP/1.1[0m" 302 -
INFO:main:=============> Controller def my_form : number of doctors in 2024-06-02 equals 5
INFO:werkzeug:127.0.0.1 - - [02/Jun/2024 12:47:46] "GET /assign HTTP/1.1" 200 -
INFO:werkzeug:127.0.0.1 - - [02/Jun/2024 12:47:46] "GET /static/js/main.js HTTP/1.1" 200 -
INFO:werkzeug:127.0.0.1 - - [02/Jun/2024 12:47:46] "[33mGET /favicon.ico HTTP/1.1[0m" 404 -
INFO:main:=============> Controller def my_form_post : added worksheet (2024-06-02)
INFO:main:=============> Controller def my_form_post : saved doctor (4) name - Klara_Novikova on day 2024-06-02
INFO:main:=============> Controller def my_form_post: saved document with new data
INFO:werkzeug:127.0.0.1 - - [02/Jun/2024 12:48:03] "[32mPOST /assign HTTP/1.1[0m" 302 -
INFO:main:=============> Controller def home: day - 2024-06-02
INFO:werkzeug:[31m[1mWARNING: This is a development server. Do not use it in a production deployment. Use a production WSGI server instead.[0m
 * Running on http://127.0.0.1:53966
INFO:werkzeug:[33mPress CTRL+C to quit[0m
INFO:main:=============> Controller def home: day - 2024-06-02
INFO:werkzeug:127.0.0.1 - - [02/Jun/2024 12:54:07] "[32mGET / HTTP/1.1[0m" 302 -
INFO:main:=============> Controller def my_form : number of doctors in 2024-06-02 equals 5
INFO:werkzeug:127.0.0.1 - - [02/Jun/2024 12:54:07] "GET /assign HTTP/1.1" 200 -
INFO:werkzeug:127.0.0.1 - - [02/Jun/2024 12:54:07] "GET /static/js/main.js HTTP/1.1" 200 -
INFO:werkzeug:127.0.0.1 - - [02/Jun/2024 12:54:07] "[33mGET /favicon.ico HTTP/1.1[0m" 404 -
INFO:main:=============> Controller def my_form_post : added worksheet (2024-06-02)
INFO:main:=============> Controller def my_form_post : saved doctor (4) name - Klara_Novikova on day 2024-06-02
INFO:main:=============> Controller def my_form_post: saved document with new data
INFO:werkzeug:127.0.0.1 - - [02/Jun/2024 12:54:30] "[32mPOST /assign HTTP/1.1[0m" 302 -
INFO:werkzeug:[31m[1mWARNING: This is a development server. Do not use it in a production deployment. Use a production WSGI server instead.[0m
 * Running on http://127.0.0.1:62538
INFO:werkzeug:[33mPress CTRL+C to quit[0m
INFO:werkzeug:127.0.0.1 - - [02/Jun/2024 12:56:08] "GET / HTTP/1.1" 200 -
INFO:werkzeug:127.0.0.1 - - [02/Jun/2024 12:56:08] "GET /static/js/main.js HTTP/1.1" 200 -
INFO:werkzeug:127.0.0.1 - - [02/Jun/2024 12:56:08] "[33mGET /favicon.ico HTTP/1.1[0m" 404 -
INFO:werkzeug:[31m[1mWARNING: This is a development server. Do not use it in a production deployment. Use a production WSGI server instead.[0m
 * Running on http://127.0.0.1:63111
INFO:werkzeug:[33mPress CTRL+C to quit[0m
INFO:werkzeug:127.0.0.1 - - [02/Jun/2024 16:59:26] "GET / HTTP/1.1" 200 -
INFO:werkzeug:127.0.0.1 - - [02/Jun/2024 16:59:26] "GET /static/js/main.js HTTP/1.1" 200 -
INFO:werkzeug:127.0.0.1 - - [02/Jun/2024 16:59:26] "[33mGET /favicon.ico HTTP/1.1[0m" 404 -
INFO:main:=============> Controller def patients : number of patients in 2024-06-02 equals 0
INFO:werkzeug:127.0.0.1 - - [02/Jun/2024 16:59:29] "GET /day/2024-06-02 HTTP/1.1" 200 -
INFO:werkzeug:127.0.0.1 - - [02/Jun/2024 16:59:29] "[36mGET /static/js/main.js HTTP/1.1[0m" 304 -
INFO:main:=============> Controller def patients_post : patient 1_sjfn'pdfi saved to excel
INFO:werkzeug:127.0.0.1 - - [02/Jun/2024 16:59:44] "[32mPOST /day/2024-06-02 HTTP/1.1[0m" 302 -
INFO:main:=============> Controller def patients : number of patients in 2024-06-02 equals 1
INFO:werkzeug:127.0.0.1 - - [02/Jun/2024 16:59:44] "GET /day/2024-06-02 HTTP/1.1" 200 -
INFO:werkzeug:127.0.0.1 - - [02/Jun/2024 16:59:44] "[36mGET /static/js/main.js HTTP/1.1[0m" 304 -
INFO:main:=============> Controller def patients_post : patient 2_sjfn'pdfi saved to excel
INFO:werkzeug:127.0.0.1 - - [02/Jun/2024 17:00:08] "[32mPOST /day/2024-06-02 HTTP/1.1[0m" 302 -
INFO:main:=============> Controller def patients : number of patients in 2024-06-02 equals 2
INFO:werkzeug:127.0.0.1 - - [02/Jun/2024 17:00:08] "GET /day/2024-06-02 HTTP/1.1" 200 -
INFO:werkzeug:127.0.0.1 - - [02/Jun/2024 17:00:08] "[36mGET /static/js/main.js HTTP/1.1[0m" 304 -
INFO:werkzeug:[31m[1mWARNING: This is a development server. Do not use it in a production deployment. Use a production WSGI server instead.[0m
 * Running on http://127.0.0.1:51521
INFO:werkzeug:[33mPress CTRL+C to quit[0m
INFO:werkzeug:127.0.0.1 - - [02/Jun/2024 17:02:04] "GET / HTTP/1.1" 200 -
INFO:werkzeug:127.0.0.1 - - [02/Jun/2024 17:02:04] "GET /static/js/main.js HTTP/1.1" 200 -
INFO:werkzeug:127.0.0.1 - - [02/Jun/2024 17:02:04] "[33mGET /favicon.ico HTTP/1.1[0m" 404 -
INFO:main:=============> Controller def patients : number of patients in 2024-06-02 equals 2
INFO:werkzeug:127.0.0.1 - - [02/Jun/2024 17:02:05] "GET /day/2024-06-02 HTTP/1.1" 200 -
INFO:werkzeug:127.0.0.1 - - [02/Jun/2024 17:02:05] "[36mGET /static/js/main.js HTTP/1.1[0m" 304 -
INFO:main:=============> Controller def patients_post : patient 3_sjfn'pdfi saved to excel
INFO:werkzeug:127.0.0.1 - - [02/Jun/2024 17:02:27] "[32mPOST /day/2024-06-02 HTTP/1.1[0m" 302 -
INFO:main:=============> Controller def patients : patient sjfn'pdfi already exists
INFO:main:=============> Controller def patients : number of patients in 2024-06-02 equals 2
INFO:werkzeug:127.0.0.1 - - [02/Jun/2024 17:02:27] "GET /day/2024-06-02/1/sjfn'pdfi HTTP/1.1" 200 -
INFO:werkzeug:127.0.0.1 - - [02/Jun/2024 17:02:27] "[36mGET /static/js/main.js HTTP/1.1[0m" 304 -
ERROR:main:=============> Controller : in def def patients_post_error - Service.checkSavePatientGetPage() missing 1 required positional argument: 'file'
ERROR:main:Exception on /day/2024-06-02/1/sjfn'pdfi [POST]
Traceback (most recent call last):
  File "D:\LotusApp\.venv\lib\site-packages\flask\app.py", line 1455, in wsgi_app
    response = self.full_dispatch_request()
  File "D:\LotusApp\.venv\lib\site-packages\flask\app.py", line 870, in full_dispatch_request
    return self.finalize_request(rv)
  File "D:\LotusApp\.venv\lib\site-packages\flask\app.py", line 889, in finalize_request
    response = self.make_response(rv)
  File "D:\LotusApp\.venv\lib\site-packages\flask\app.py", line 1161, in make_response
    raise TypeError(
TypeError: The view function for 'patients_post_error' did not return a valid response. The function either returned None or ended without a return statement.
INFO:werkzeug:127.0.0.1 - - [02/Jun/2024 17:02:44] "[35m[1mPOST /day/2024-06-02/1/sjfn'pdfi HTTP/1.1[0m" 500 -
INFO:werkzeug:[31m[1mWARNING: This is a development server. Do not use it in a production deployment. Use a production WSGI server instead.[0m
 * Running on http://127.0.0.1:51578
INFO:werkzeug:[33mPress CTRL+C to quit[0m
INFO:werkzeug:127.0.0.1 - - [02/Jun/2024 17:03:14] "GET / HTTP/1.1" 200 -
INFO:werkzeug:127.0.0.1 - - [02/Jun/2024 17:03:14] "GET /static/js/main.js HTTP/1.1" 200 -
INFO:werkzeug:127.0.0.1 - - [02/Jun/2024 17:03:14] "[33mGET /favicon.ico HTTP/1.1[0m" 404 -
INFO:main:=============> Controller def patients : number of patients in 2024-06-02 equals 2
INFO:werkzeug:127.0.0.1 - - [02/Jun/2024 17:03:16] "GET /day/2024-06-02 HTTP/1.1" 200 -
INFO:werkzeug:127.0.0.1 - - [02/Jun/2024 17:03:16] "[36mGET /static/js/main.js HTTP/1.1[0m" 304 -
INFO:main:=============> Controller def patients_post : patient 3_sjfn'pdfi saved to excel
INFO:werkzeug:127.0.0.1 - - [02/Jun/2024 17:03:38] "[32mPOST /day/2024-06-02 HTTP/1.1[0m" 302 -
INFO:main:=============> Controller def patients : patient sjfn'pdfi already exists
INFO:main:=============> Controller def patients : number of patients in 2024-06-02 equals 2
INFO:werkzeug:127.0.0.1 - - [02/Jun/2024 17:03:38] "GET /day/2024-06-02/1/sjfn'pdfi HTTP/1.1" 200 -
INFO:werkzeug:127.0.0.1 - - [02/Jun/2024 17:03:38] "[36mGET /static/js/main.js HTTP/1.1[0m" 304 -
INFO:main:=============> Controller def patients_post_error : patient 3_aedf saved to excel
INFO:werkzeug:127.0.0.1 - - [02/Jun/2024 17:03:51] "[32mPOST /day/2024-06-02/1/sjfn'pdfi HTTP/1.1[0m" 302 -
INFO:main:=============> Controller def patients : number of patients in 2024-06-02 equals 3
INFO:werkzeug:127.0.0.1 - - [02/Jun/2024 17:03:51] "GET /day/2024-06-02 HTTP/1.1" 200 -
INFO:werkzeug:127.0.0.1 - - [02/Jun/2024 17:03:52] "[36mGET /static/js/main.js HTTP/1.1[0m" 304 -
INFO:werkzeug:127.0.0.1 - - [02/Jun/2024 17:03:55] "GET / HTTP/1.1" 200 -
INFO:werkzeug:127.0.0.1 - - [02/Jun/2024 17:03:55] "[36mGET /static/js/main.js HTTP/1.1[0m" 304 -
INFO:werkzeug:[31m[1mWARNING: This is a development server. Do not use it in a production deployment. Use a production WSGI server instead.[0m
 * Running on http://127.0.0.1:51735
INFO:werkzeug:[33mPress CTRL+C to quit[0m
INFO:werkzeug:127.0.0.1 - - [02/Jun/2024 17:06:11] "GET / HTTP/1.1" 200 -
INFO:werkzeug:127.0.0.1 - - [02/Jun/2024 17:06:11] "GET /static/js/main.js HTTP/1.1" 200 -
INFO:werkzeug:127.0.0.1 - - [02/Jun/2024 17:06:12] "[33mGET /favicon.ico HTTP/1.1[0m" 404 -
INFO:main:=============> Controller def patients : number of patients in 2024-06-02 equals 3
INFO:werkzeug:127.0.0.1 - - [02/Jun/2024 17:06:14] "GET /day/2024-06-02 HTTP/1.1" 200 -
INFO:werkzeug:127.0.0.1 - - [02/Jun/2024 17:06:14] "[36mGET /static/js/main.js HTTP/1.1[0m" 304 -
INFO:main:=============> Controller def patients_post : patient 4_aedf saved to excel
INFO:werkzeug:127.0.0.1 - - [02/Jun/2024 17:06:27] "[32mPOST /day/2024-06-02 HTTP/1.1[0m" 302 -
INFO:main:=============> Controller def patients : number of patients in 2024-06-02 equals 4
INFO:werkzeug:127.0.0.1 - - [02/Jun/2024 17:06:27] "GET /day/2024-06-02 HTTP/1.1" 200 -
INFO:werkzeug:127.0.0.1 - - [02/Jun/2024 17:06:27] "[36mGET /static/js/main.js HTTP/1.1[0m" 304 -
INFO:main:=============> Controller def patients_post : patient 5_gvkjhkj saved to excel
INFO:werkzeug:127.0.0.1 - - [02/Jun/2024 17:06:42] "[32mPOST /day/2024-06-02 HTTP/1.1[0m" 302 -
INFO:main:=============> Controller def patients : number of patients in 2024-06-02 equals 5
INFO:werkzeug:127.0.0.1 - - [02/Jun/2024 17:06:42] "GET /day/2024-06-02 HTTP/1.1" 200 -
INFO:werkzeug:127.0.0.1 - - [02/Jun/2024 17:06:42] "[36mGET /static/js/main.js HTTP/1.1[0m" 304 -
INFO:werkzeug:127.0.0.1 - - [02/Jun/2024 17:06:44] "GET / HTTP/1.1" 200 -
INFO:werkzeug:127.0.0.1 - - [02/Jun/2024 17:06:44] "[36mGET /static/js/main.js HTTP/1.1[0m" 304 -
INFO:werkzeug:[31m[1mWARNING: This is a development server. Do not use it in a production deployment. Use a production WSGI server instead.[0m
 * Running on http://127.0.0.1:52080
INFO:werkzeug:[33mPress CTRL+C to quit[0m
INFO:werkzeug:127.0.0.1 - - [02/Jun/2024 19:00:21] "GET / HTTP/1.1" 200 -
INFO:werkzeug:127.0.0.1 - - [02/Jun/2024 19:00:21] "GET /static/js/main.js HTTP/1.1" 200 -
INFO:werkzeug:127.0.0.1 - - [02/Jun/2024 19:00:21] "[33mGET /favicon.ico HTTP/1.1[0m" 404 -
INFO:main:=============> Controller def patients : number of patients in 2024-06-02 equals 5
INFO:werkzeug:127.0.0.1 - - [02/Jun/2024 19:00:24] "GET /day/2024-06-02 HTTP/1.1" 200 -
INFO:werkzeug:127.0.0.1 - - [02/Jun/2024 19:00:24] "[36mGET /static/js/main.js HTTP/1.1[0m" 304 -
INFO:main:=============> Controller def patients_post : patient 6_jhk saved to excel
INFO:werkzeug:127.0.0.1 - - [02/Jun/2024 19:00:37] "[32mPOST /day/2024-06-02 HTTP/1.1[0m" 302 -
INFO:main:=============> Controller def patients : number of patients in 2024-06-02 equals 6
INFO:werkzeug:127.0.0.1 - - [02/Jun/2024 19:00:37] "GET /day/2024-06-02 HTTP/1.1" 200 -
INFO:werkzeug:127.0.0.1 - - [02/Jun/2024 19:00:37] "[36mGET /static/js/main.js HTTP/1.1[0m" 304 -
INFO:main:=============> Controller def patients_post : patient 7_jhk saved to excel
INFO:werkzeug:127.0.0.1 - - [02/Jun/2024 19:00:54] "[32mPOST /day/2024-06-02 HTTP/1.1[0m" 302 -
INFO:main:=============> Controller def patients : patient jhk already exists
INFO:main:=============> Controller def patients : number of patients in 2024-06-02 equals 6
INFO:werkzeug:127.0.0.1 - - [02/Jun/2024 19:00:54] "GET /day/2024-06-02/1/jhk HTTP/1.1" 200 -
INFO:werkzeug:127.0.0.1 - - [02/Jun/2024 19:00:54] "[36mGET /static/js/main.js HTTP/1.1[0m" 304 -
INFO:main:=============> Controller def patients_post_error : patient 7_sjfn'pdfi saved to excel
INFO:werkzeug:127.0.0.1 - - [02/Jun/2024 19:01:07] "[32mPOST /day/2024-06-02/1/jhk HTTP/1.1[0m" 302 -
INFO:main:=============> Controller def patients : number of patients in 2024-06-02 equals 7
INFO:werkzeug:127.0.0.1 - - [02/Jun/2024 19:01:07] "GET /day/2024-06-02 HTTP/1.1" 200 -
INFO:werkzeug:127.0.0.1 - - [02/Jun/2024 19:01:07] "[36mGET /static/js/main.js HTTP/1.1[0m" 304 -
INFO:werkzeug:127.0.0.1 - - [02/Jun/2024 19:01:09] "GET / HTTP/1.1" 200 -
INFO:werkzeug:127.0.0.1 - - [02/Jun/2024 19:01:09] "[36mGET /static/js/main.js HTTP/1.1[0m" 304 -
INFO:main:=============> Controller def my_form : number of doctors in 2024-06-02 equals 5
INFO:werkzeug:127.0.0.1 - - [02/Jun/2024 19:01:13] "GET /assign HTTP/1.1" 200 -
INFO:werkzeug:127.0.0.1 - - [02/Jun/2024 19:01:13] "[36mGET /static/js/main.js HTTP/1.1[0m" 304 -
INFO:werkzeug:127.0.0.1 - - [02/Jun/2024 19:01:15] "GET / HTTP/1.1" 200 -
INFO:werkzeug:127.0.0.1 - - [02/Jun/2024 19:01:15] "[36mGET /static/js/main.js HTTP/1.1[0m" 304 -
INFO:werkzeug:[31m[1mWARNING: This is a development server. Do not use it in a production deployment. Use a production WSGI server instead.[0m
 * Running on http://127.0.0.1:52704
INFO:werkzeug:[33mPress CTRL+C to quit[0m
INFO:werkzeug:127.0.0.1 - - [02/Jun/2024 19:06:36] "GET / HTTP/1.1" 200 -
INFO:werkzeug:127.0.0.1 - - [02/Jun/2024 19:06:37] "[33mGET /static/js/main.js HTTP/1.1[0m" 404 -
INFO:werkzeug:127.0.0.1 - - [02/Jun/2024 19:06:37] "[33mGET /favicon.ico HTTP/1.1[0m" 404 -
INFO:main:=============> Controller def patients : number of patients in 2024-06-02 equals 7
INFO:werkzeug:127.0.0.1 - - [02/Jun/2024 19:06:38] "GET /day/2024-06-02 HTTP/1.1" 200 -
INFO:werkzeug:127.0.0.1 - - [02/Jun/2024 19:06:38] "[33mGET /static/js/main.js HTTP/1.1[0m" 404 -
INFO:main:=============> Controller def patients_post : patient 8_aedf saved to excel
INFO:werkzeug:127.0.0.1 - - [02/Jun/2024 19:06:50] "[32mPOST /day/2024-06-02 HTTP/1.1[0m" 302 -
INFO:main:=============> Controller def patients : number of patients in 2024-06-02 equals 8
INFO:werkzeug:127.0.0.1 - - [02/Jun/2024 19:06:50] "GET /day/2024-06-02 HTTP/1.1" 200 -
INFO:werkzeug:127.0.0.1 - - [02/Jun/2024 19:06:50] "[33mGET /static/js/main.js HTTP/1.1[0m" 404 -
INFO:werkzeug:127.0.0.1 - - [02/Jun/2024 19:06:52] "GET / HTTP/1.1" 200 -
INFO:werkzeug:127.0.0.1 - - [02/Jun/2024 19:06:52] "[33mGET /static/js/main.js HTTP/1.1[0m" 404 -
INFO:werkzeug:[31m[1mWARNING: This is a development server. Do not use it in a production deployment. Use a production WSGI server instead.[0m
 * Running on http://127.0.0.1:57387
INFO:werkzeug:[33mPress CTRL+C to quit[0m
INFO:werkzeug:127.0.0.1 - - [02/Jun/2024 19:33:14] "GET / HTTP/1.1" 200 -
INFO:werkzeug:127.0.0.1 - - [02/Jun/2024 19:33:15] "[33mGET /static/js/main.js HTTP/1.1[0m" 404 -
INFO:werkzeug:127.0.0.1 - - [02/Jun/2024 19:33:15] "[33mGET /favicon.ico HTTP/1.1[0m" 404 -
INFO:main:=============> Controller def patients : number of patients in 2024-06-02 equals 8
INFO:werkzeug:127.0.0.1 - - [02/Jun/2024 19:33:16] "GET /day/2024-06-02 HTTP/1.1" 200 -
INFO:werkzeug:127.0.0.1 - - [02/Jun/2024 19:33:16] "[33mGET /static/js/main.js HTTP/1.1[0m" 404 -
INFO:main:=============> Controller def patients_post : patient 9_sjfn'pdfi saved to excel
INFO:werkzeug:127.0.0.1 - - [02/Jun/2024 19:33:29] "[32mPOST /day/2024-06-02 HTTP/1.1[0m" 302 -
INFO:main:=============> Controller def patients : number of patients in 2024-06-02 equals 9
INFO:werkzeug:127.0.0.1 - - [02/Jun/2024 19:33:29] "GET /day/2024-06-02 HTTP/1.1" 200 -
INFO:werkzeug:127.0.0.1 - - [02/Jun/2024 19:33:29] "[33mGET /static/js/main.js HTTP/1.1[0m" 404 -
INFO:werkzeug:127.0.0.1 - - [02/Jun/2024 19:33:31] "GET / HTTP/1.1" 200 -
INFO:werkzeug:127.0.0.1 - - [02/Jun/2024 19:33:31] "[33mGET /static/js/main.js HTTP/1.1[0m" 404 -
INFO:werkzeug:[31m[1mWARNING: This is a development server. Do not use it in a production deployment. Use a production WSGI server instead.[0m
 * Running on http://127.0.0.1:53040
INFO:werkzeug:[33mPress CTRL+C to quit[0m
INFO:werkzeug:127.0.0.1 - - [02/Jun/2024 19:42:15] "GET / HTTP/1.1" 200 -
INFO:werkzeug:127.0.0.1 - - [02/Jun/2024 19:42:15] "[33mGET /favicon.ico HTTP/1.1[0m" 404 -
INFO:werkzeug:[31m[1mWARNING: This is a development server. Do not use it in a production deployment. Use a production WSGI server instead.[0m
 * Running on http://127.0.0.1:57993
INFO:werkzeug:[33mPress CTRL+C to quit[0m
ERROR:main:=============> Controller : in def def home - start.html
ERROR:main:Exception on / [GET]
Traceback (most recent call last):
  File "main.py", line 42, in home
  File "flask\templating.py", line 151, in render_template
  File "jinja2\environment.py", line 1081, in get_or_select_template
  File "jinja2\environment.py", line 1010, in get_template
  File "jinja2\environment.py", line 969, in _load_template
  File "jinja2\loaders.py", line 126, in load
  File "flask\templating.py", line 65, in get_source
  File "flask\templating.py", line 99, in _get_source_fast
jinja2.exceptions.TemplateNotFound: start.html

During handling of the above exception, another exception occurred:

Traceback (most recent call last):
  File "flask\app.py", line 1455, in wsgi_app
  File "flask\app.py", line 869, in full_dispatch_request
  File "flask\app.py", line 867, in full_dispatch_request
  File "flask\app.py", line 852, in dispatch_request
  File "main.py", line 45, in home
  File "main.py", line 174, in redirectToErrorPage
  File "flask\templating.py", line 151, in render_template
  File "jinja2\environment.py", line 1081, in get_or_select_template
  File "jinja2\environment.py", line 1010, in get_template
  File "jinja2\environment.py", line 969, in _load_template
  File "jinja2\loaders.py", line 126, in load
  File "flask\templating.py", line 65, in get_source
  File "flask\templating.py", line 99, in _get_source_fast
jinja2.exceptions.TemplateNotFound: error.html
INFO:werkzeug:127.0.0.1 - - [02/Jun/2024 19:44:59] "[35m[1mGET / HTTP/1.1[0m" 500 -
INFO:werkzeug:127.0.0.1 - - [02/Jun/2024 19:44:59] "[33mGET /favicon.ico HTTP/1.1[0m" 404 -
INFO:werkzeug:[31m[1mWARNING: This is a development server. Do not use it in a production deployment. Use a production WSGI server instead.[0m
 * Running on http://127.0.0.1:58055
INFO:werkzeug:[33mPress CTRL+C to quit[0m
INFO:werkzeug:127.0.0.1 - - [02/Jun/2024 19:47:10] "GET / HTTP/1.1" 200 -
INFO:werkzeug:127.0.0.1 - - [02/Jun/2024 19:47:10] "[33mGET /favicon.ico HTTP/1.1[0m" 404 -
INFO:werkzeug:[31m[1mWARNING: This is a development server. Do not use it in a production deployment. Use a production WSGI server instead.[0m
 * Running on http://127.0.0.1:59663
INFO:werkzeug:[33mPress CTRL+C to quit[0m
INFO:werkzeug:127.0.0.1 - - [02/Jun/2024 20:22:37] "GET / HTTP/1.1" 200 -
INFO:werkzeug:127.0.0.1 - - [02/Jun/2024 20:22:37] "[33mGET /favicon.ico HTTP/1.1[0m" 404 -
INFO:werkzeug:[31m[1mWARNING: This is a development server. Do not use it in a production deployment. Use a production WSGI server instead.[0m
 * Running on http://127.0.0.1:62538
INFO:werkzeug:[33mPress CTRL+C to quit[0m
INFO:werkzeug:127.0.0.1 - - [02/Jun/2024 20:32:20] "GET / HTTP/1.1" 200 -
INFO:werkzeug:127.0.0.1 - - [02/Jun/2024 20:32:20] "[33mGET /favicon.ico HTTP/1.1[0m" 404 -
INFO:werkzeug:[31m[1mWARNING: This is a development server. Do not use it in a production deployment. Use a production WSGI server instead.[0m
 * Running on http://127.0.0.1:62633
INFO:werkzeug:[33mPress CTRL+C to quit[0m
INFO:werkzeug:[31m[1mWARNING: This is a development server. Do not use it in a production deployment. Use a production WSGI server instead.[0m
 * Running on http://127.0.0.1:62647
INFO:werkzeug:[33mPress CTRL+C to quit[0m
INFO:werkzeug:127.0.0.1 - - [02/Jun/2024 20:36:44] "GET / HTTP/1.1" 200 -
INFO:werkzeug:127.0.0.1 - - [02/Jun/2024 20:36:44] "[33mGET /favicon.ico HTTP/1.1[0m" 404 -
INFO:main:=============> Controller def patients : number of patients in 2024-06-02 equals 9
INFO:werkzeug:127.0.0.1 - - [02/Jun/2024 20:36:46] "GET /day/2024-06-02 HTTP/1.1" 200 -
INFO:main:=============> Controller def patients_post : patient 10_jhk saved to excel
INFO:werkzeug:127.0.0.1 - - [02/Jun/2024 20:36:58] "[32mPOST /day/2024-06-02 HTTP/1.1[0m" 302 -
INFO:main:=============> Controller def patients : number of patients in 2024-06-02 equals 10
INFO:werkzeug:127.0.0.1 - - [02/Jun/2024 20:36:58] "GET /day/2024-06-02 HTTP/1.1" 200 -
INFO:werkzeug:127.0.0.1 - - [02/Jun/2024 20:37:01] "GET / HTTP/1.1" 200 -
INFO:werkzeug:[31m[1mWARNING: This is a development server. Do not use it in a production deployment. Use a production WSGI server instead.[0m
 * Running on http://127.0.0.1:62791
INFO:werkzeug:[33mPress CTRL+C to quit[0m
INFO:werkzeug:127.0.0.1 - - [02/Jun/2024 20:43:18] "GET / HTTP/1.1" 200 -
INFO:werkzeug:127.0.0.1 - - [02/Jun/2024 20:43:18] "[33mGET /favicon.ico HTTP/1.1[0m" 404 -
INFO:main:=============> Controller def patients : number of patients in 2024-06-02 equals 10
INFO:werkzeug:127.0.0.1 - - [02/Jun/2024 20:43:20] "GET /day/2024-06-02 HTTP/1.1" 200 -
INFO:werkzeug:127.0.0.1 - - [02/Jun/2024 20:43:30] "GET / HTTP/1.1" 200 -
INFO:main:=============> Controller def patients : number of patients in 2024-06-02 equals 10
INFO:werkzeug:127.0.0.1 - - [02/Jun/2024 20:43:33] "GET /day/2024-06-02 HTTP/1.1" 200 -
INFO:main:=============> Controller def patients_post : patient 11_jhk saved to excel
INFO:werkzeug:127.0.0.1 - - [02/Jun/2024 20:44:00] "[32mPOST /day/2024-06-02 HTTP/1.1[0m" 302 -
INFO:main:=============> Controller def patients : number of patients in 2024-06-02 equals 11
INFO:werkzeug:127.0.0.1 - - [02/Jun/2024 20:44:00] "GET /day/2024-06-02 HTTP/1.1" 200 -
INFO:werkzeug:[31m[1mWARNING: This is a development server. Do not use it in a production deployment. Use a production WSGI server instead.[0m
 * Running on http://127.0.0.1:62855
INFO:werkzeug:[33mPress CTRL+C to quit[0m
INFO:werkzeug:127.0.0.1 - - [02/Jun/2024 20:44:46] "GET / HTTP/1.1" 200 -
INFO:werkzeug:127.0.0.1 - - [02/Jun/2024 20:44:46] "[33mGET /favicon.ico HTTP/1.1[0m" 404 -
INFO:main:=============> Controller def patients : number of patients in 2024-06-02 equals 11
INFO:werkzeug:127.0.0.1 - - [02/Jun/2024 20:44:49] "GET /day/2024-06-02 HTTP/1.1" 200 -
INFO:main:=============> Controller def patients_post : patient 12_jhk saved to excel
INFO:werkzeug:127.0.0.1 - - [02/Jun/2024 20:56:39] "[32mPOST /day/2024-06-02 HTTP/1.1[0m" 302 -
INFO:main:=============> Controller def patients : number of patients in 2024-06-02 equals 12
INFO:werkzeug:127.0.0.1 - - [02/Jun/2024 20:56:39] "GET /day/2024-06-02 HTTP/1.1" 200 -
INFO:werkzeug:[31m[1mWARNING: This is a development server. Do not use it in a production deployment. Use a production WSGI server instead.[0m
 * Running on http://127.0.0.1:63025
INFO:werkzeug:[33mPress CTRL+C to quit[0m
INFO:werkzeug:127.0.0.1 - - [02/Jun/2024 20:59:00] "GET / HTTP/1.1" 200 -
INFO:werkzeug:127.0.0.1 - - [02/Jun/2024 20:59:00] "[33mGET /favicon.ico HTTP/1.1[0m" 404 -
INFO:main:=============> Controller def patients : number of patients in 2024-06-02 equals 12
INFO:werkzeug:127.0.0.1 - - [02/Jun/2024 20:59:02] "GET /day/2024-06-02 HTTP/1.1" 200 -
INFO:main:=============> Controller def patients_post : patient 13_jhk saved to excel
INFO:werkzeug:127.0.0.1 - - [02/Jun/2024 20:59:13] "[32mPOST /day/2024-06-02 HTTP/1.1[0m" 302 -
INFO:main:=============> Controller def patients : patient jhk already exists
INFO:main:=============> Controller def patients : number of patients in 2024-06-02 equals 12
INFO:werkzeug:127.0.0.1 - - [02/Jun/2024 20:59:13] "GET /day/2024-06-02/1/jhk HTTP/1.1" 200 -
INFO:main:=============> Controller def patients_post_error : patient 13_jhkgfguhjk saved to excel
INFO:werkzeug:127.0.0.1 - - [02/Jun/2024 20:59:28] "[32mPOST /day/2024-06-02/1/jhk HTTP/1.1[0m" 302 -
INFO:main:=============> Controller def patients : number of patients in 2024-06-02 equals 13
INFO:werkzeug:127.0.0.1 - - [02/Jun/2024 20:59:28] "GET /day/2024-06-02 HTTP/1.1" 200 -
INFO:werkzeug:127.0.0.1 - - [02/Jun/2024 20:59:30] "GET / HTTP/1.1" 200 -
