INFO:werkzeug:[31m[1mWARNING: This is a development server. Do not use it in a production deployment. Use a production WSGI server instead.[0m
 * Running on http://127.0.0.1:54804
INFO:werkzeug:[33mPress CTRL+C to quit[0m
INFO:main:=============> Controller def home: day - 2024-09-21
INFO:werkzeug:127.0.0.1 - - [21/Sep/2024 10:43:32] "[32mGET / HTTP/1.1[0m" 302 -
INFO:main:=============> Controller def my_form : added worksheet (2024-09-21)
INFO:main:=============> Controller def my_form: saved document with new data
INFO:werkzeug:127.0.0.1 - - [21/Sep/2024 10:43:32] "[32mGET /assign HTTP/1.1[0m" 302 -
INFO:werkzeug:127.0.0.1 - - [21/Sep/2024 10:43:32] "GET / HTTP/1.1" 200 -
INFO:werkzeug:127.0.0.1 - - [21/Sep/2024 10:43:32] "[33mGET /favicon.ico HTTP/1.1[0m" 404 -
INFO:werkzeug:[31m[1mWARNING: This is a development server. Do not use it in a production deployment. Use a production WSGI server instead.[0m
 * Running on http://127.0.0.1:54839
INFO:werkzeug:[33mPress CTRL+C to quit[0m
ERROR:main:=============> Controller : in def def home - [Errno 13] Permission denied: 'D:\\LotusApp\\records/medical.xlsx'
INFO:werkzeug:127.0.0.1 - - [21/Sep/2024 10:43:47] "GET / HTTP/1.1" 200 -
INFO:werkzeug:127.0.0.1 - - [21/Sep/2024 10:43:47] "[33mGET /favicon.ico HTTP/1.1[0m" 404 -
INFO:werkzeug:[31m[1mWARNING: This is a development server. Do not use it in a production deployment. Use a production WSGI server instead.[0m
 * Running on http://127.0.0.1:54867
INFO:werkzeug:[33mPress CTRL+C to quit[0m
ERROR:main:=============> Controller : in def def home - [Errno 13] Permission denied: 'D:\\LotusApp\\records/medical.xlsx'
INFO:werkzeug:127.0.0.1 - - [21/Sep/2024 10:45:21] "GET / HTTP/1.1" 200 -
INFO:werkzeug:127.0.0.1 - - [21/Sep/2024 10:45:21] "[33mGET /favicon.ico HTTP/1.1[0m" 404 -
INFO:werkzeug:[31m[1mWARNING: This is a development server. Do not use it in a production deployment. Use a production WSGI server instead.[0m
 * Running on http://127.0.0.1:55172
INFO:werkzeug:[33mPress CTRL+C to quit[0m
INFO:werkzeug:[31m[1mWARNING: This is a development server. Do not use it in a production deployment. Use a production WSGI server instead.[0m
 * Running on http://127.0.0.1:55376
INFO:werkzeug:[33mPress CTRL+C to quit[0m
INFO:werkzeug:[31m[1mWARNING: This is a development server. Do not use it in a production deployment. Use a production WSGI server instead.[0m
 * Running on http://127.0.0.1:55398
INFO:werkzeug:[33mPress CTRL+C to quit[0m
INFO:werkzeug:[31m[1mWARNING: This is a development server. Do not use it in a production deployment. Use a production WSGI server instead.[0m
 * Running on http://127.0.0.1:59408
INFO:werkzeug:[33mPress CTRL+C to quit[0m
ERROR:main:Exception on / [GET]
Traceback (most recent call last):
  File "d:\LotusApp\.venv\lib\site-packages\flask\app.py", line 1455, in wsgi_app
    response = self.full_dispatch_request()
  File "d:\LotusApp\.venv\lib\site-packages\flask\app.py", line 869, in full_dispatch_request
    rv = self.handle_user_exception(e)
  File "d:\LotusApp\.venv\lib\site-packages\flask\app.py", line 867, in full_dispatch_request
    rv = self.dispatch_request()
  File "d:\LotusApp\.venv\lib\site-packages\flask\app.py", line 852, in dispatch_request
    return self.ensure_sync(self.view_functions[rule.endpoint])(**view_args)
  File "d:\LotusApp\main.py", line 51, in home
    return redirectToErrorPage(str(e), "def "+request.endpoint, Error_msg.err.value)
  File "C:\Program Files\Python310\lib\enum.py", line 437, in __getattr__
    raise AttributeError(name) from None
AttributeError: err
INFO:werkzeug:127.0.0.1 - - [21/Sep/2024 10:59:39] "[35m[1mGET / HTTP/1.1[0m" 500 -
INFO:werkzeug:127.0.0.1 - - [21/Sep/2024 10:59:39] "[33mGET /favicon.ico HTTP/1.1[0m" 404 -
INFO:werkzeug:[31m[1mWARNING: This is a development server. Do not use it in a production deployment. Use a production WSGI server instead.[0m
 * Running on http://127.0.0.1:59835
INFO:werkzeug:[33mPress CTRL+C to quit[0m
ERROR:main:Exception on / [GET]
Traceback (most recent call last):
  File "d:\LotusApp\.venv\lib\site-packages\flask\app.py", line 1455, in wsgi_app
    response = self.full_dispatch_request()
  File "d:\LotusApp\.venv\lib\site-packages\flask\app.py", line 869, in full_dispatch_request
    rv = self.handle_user_exception(e)
  File "d:\LotusApp\.venv\lib\site-packages\flask\app.py", line 867, in full_dispatch_request
    rv = self.dispatch_request()
  File "d:\LotusApp\.venv\lib\site-packages\flask\app.py", line 852, in dispatch_request
    return self.ensure_sync(self.view_functions[rule.endpoint])(**view_args)
  File "d:\LotusApp\main.py", line 51, in home
    return redirectToErrorPage(str(e), "def "+request.endpoint, Error_msg.err.value)
  File "C:\Program Files\Python310\lib\enum.py", line 437, in __getattr__
    raise AttributeError(name) from None
AttributeError: err
INFO:werkzeug:127.0.0.1 - - [21/Sep/2024 11:02:27] "[35m[1mGET / HTTP/1.1[0m" 500 -
INFO:werkzeug:127.0.0.1 - - [21/Sep/2024 11:02:28] "[33mGET /favicon.ico HTTP/1.1[0m" 404 -
INFO:werkzeug:[31m[1mWARNING: This is a development server. Do not use it in a production deployment. Use a production WSGI server instead.[0m
 * Running on http://127.0.0.1:59876
INFO:werkzeug:[33mPress CTRL+C to quit[0m
ERROR:main:Exception on / [GET]
Traceback (most recent call last):
  File "d:\LotusApp\.venv\lib\site-packages\flask\app.py", line 1455, in wsgi_app
    response = self.full_dispatch_request()
  File "d:\LotusApp\.venv\lib\site-packages\flask\app.py", line 869, in full_dispatch_request
    rv = self.handle_user_exception(e)
  File "d:\LotusApp\.venv\lib\site-packages\flask\app.py", line 867, in full_dispatch_request
    rv = self.dispatch_request()
  File "d:\LotusApp\.venv\lib\site-packages\flask\app.py", line 852, in dispatch_request
    return self.ensure_sync(self.view_functions[rule.endpoint])(**view_args)
  File "d:\LotusApp\main.py", line 51, in home
    return redirectToErrorPage(str(e), "def "+request.endpoint, Error_msg.err.value)
  File "C:\Program Files\Python310\lib\enum.py", line 437, in __getattr__
    raise AttributeError(name) from None
AttributeError: err
INFO:werkzeug:127.0.0.1 - - [21/Sep/2024 11:03:23] "[35m[1mGET / HTTP/1.1[0m" 500 -
INFO:werkzeug:127.0.0.1 - - [21/Sep/2024 11:03:23] "[33mGET /favicon.ico HTTP/1.1[0m" 404 -
INFO:werkzeug:[31m[1mWARNING: This is a development server. Do not use it in a production deployment. Use a production WSGI server instead.[0m
 * Running on http://127.0.0.1:60170
INFO:werkzeug:[33mPress CTRL+C to quit[0m
ERROR:main:Exception on / [GET]
Traceback (most recent call last):
  File "d:\LotusApp\.venv\lib\site-packages\flask\app.py", line 1455, in wsgi_app
    response = self.full_dispatch_request()
  File "d:\LotusApp\.venv\lib\site-packages\flask\app.py", line 869, in full_dispatch_request
    rv = self.handle_user_exception(e)
  File "d:\LotusApp\.venv\lib\site-packages\flask\app.py", line 867, in full_dispatch_request
    rv = self.dispatch_request()
  File "d:\LotusApp\.venv\lib\site-packages\flask\app.py", line 852, in dispatch_request
    return self.ensure_sync(self.view_functions[rule.endpoint])(**view_args)
  File "d:\LotusApp\main.py", line 51, in home
    msg = Error_msg.err.value
  File "C:\Program Files\Python310\lib\enum.py", line 437, in __getattr__
    raise AttributeError(name) from None
AttributeError: err
INFO:werkzeug:127.0.0.1 - - [21/Sep/2024 11:04:25] "[35m[1mGET / HTTP/1.1[0m" 500 -
INFO:werkzeug:127.0.0.1 - - [21/Sep/2024 11:04:25] "[33mGET /favicon.ico HTTP/1.1[0m" 404 -
INFO:werkzeug:[31m[1mWARNING: This is a development server. Do not use it in a production deployment. Use a production WSGI server instead.[0m
 * Running on http://127.0.0.1:60211
INFO:werkzeug:[33mPress CTRL+C to quit[0m
ERROR:main:Exception on / [GET]
Traceback (most recent call last):
  File "d:\LotusApp\.venv\lib\site-packages\flask\app.py", line 1455, in wsgi_app
    response = self.full_dispatch_request()
  File "d:\LotusApp\.venv\lib\site-packages\flask\app.py", line 869, in full_dispatch_request
    rv = self.handle_user_exception(e)
  File "d:\LotusApp\.venv\lib\site-packages\flask\app.py", line 867, in full_dispatch_request
    rv = self.dispatch_request()
  File "d:\LotusApp\.venv\lib\site-packages\flask\app.py", line 852, in dispatch_request
    return self.ensure_sync(self.view_functions[rule.endpoint])(**view_args)
  File "d:\LotusApp\main.py", line 51, in home
    msg = Error_msg.err.value
  File "C:\Program Files\Python310\lib\enum.py", line 437, in __getattr__
    raise AttributeError(name) from None
AttributeError: err
INFO:werkzeug:127.0.0.1 - - [21/Sep/2024 11:05:16] "[35m[1mGET / HTTP/1.1[0m" 500 -
INFO:werkzeug:127.0.0.1 - - [21/Sep/2024 11:05:16] "[33mGET /favicon.ico HTTP/1.1[0m" 404 -
INFO:werkzeug:[31m[1mWARNING: This is a development server. Do not use it in a production deployment. Use a production WSGI server instead.[0m
 * Running on http://127.0.0.1:60713
INFO:werkzeug:[33mPress CTRL+C to quit[0m
ERROR:main:Exception on / [GET]
Traceback (most recent call last):
  File "d:\LotusApp\.venv\lib\site-packages\flask\app.py", line 1455, in wsgi_app
    response = self.full_dispatch_request()
  File "d:\LotusApp\.venv\lib\site-packages\flask\app.py", line 869, in full_dispatch_request
    rv = self.handle_user_exception(e)
  File "d:\LotusApp\.venv\lib\site-packages\flask\app.py", line 867, in full_dispatch_request
    rv = self.dispatch_request()
  File "d:\LotusApp\.venv\lib\site-packages\flask\app.py", line 852, in dispatch_request
    return self.ensure_sync(self.view_functions[rule.endpoint])(**view_args)
  File "d:\LotusApp\main.py", line 51, in home
    msg = Error_msg.err.value
  File "C:\Program Files\Python310\lib\enum.py", line 437, in __getattr__
    raise AttributeError(name) from None
AttributeError: err
INFO:werkzeug:127.0.0.1 - - [21/Sep/2024 11:06:35] "[35m[1mGET / HTTP/1.1[0m" 500 -
INFO:werkzeug:127.0.0.1 - - [21/Sep/2024 11:06:35] "[33mGET /favicon.ico HTTP/1.1[0m" 404 -
INFO:werkzeug:[31m[1mWARNING: This is a development server. Do not use it in a production deployment. Use a production WSGI server instead.[0m
 * Running on http://127.0.0.1:61084
INFO:werkzeug:[33mPress CTRL+C to quit[0m
ERROR:main:=============> Controller : in def def home - [Errno 13] Permission denied: 'd:\\LotusApp\\records/medical.xlsx'
INFO:werkzeug:127.0.0.1 - - [21/Sep/2024 11:07:42] "GET / HTTP/1.1" 200 -
INFO:werkzeug:127.0.0.1 - - [21/Sep/2024 11:07:42] "[33mGET /favicon.ico HTTP/1.1[0m" 404 -
INFO:werkzeug:[31m[1mWARNING: This is a development server. Do not use it in a production deployment. Use a production WSGI server instead.[0m
 * Running on http://127.0.0.1:61228
INFO:werkzeug:[33mPress CTRL+C to quit[0m
INFO:werkzeug:[31m[1mWARNING: This is a development server. Do not use it in a production deployment. Use a production WSGI server instead.[0m
 * Running on http://127.0.0.1:61328
INFO:werkzeug:[33mPress CTRL+C to quit[0m
ERROR:main:=============> Controller : in def def home - [Errno 13] Permission denied: 'D:\\LotusApp\\records/medical.xlsx'
INFO:werkzeug:127.0.0.1 - - [21/Sep/2024 11:08:28] "GET / HTTP/1.1" 200 -
INFO:werkzeug:127.0.0.1 - - [21/Sep/2024 11:08:28] "[33mGET /favicon.ico HTTP/1.1[0m" 404 -
INFO:werkzeug:[31m[1mWARNING: This is a development server. Do not use it in a production deployment. Use a production WSGI server instead.[0m
 * Running on http://127.0.0.1:61357
INFO:werkzeug:[33mPress CTRL+C to quit[0m
ERROR:main:=============> Controller : in def def home - [Errno 13] Permission denied: 'D:\\LotusApp\\records/medical.xlsx'
INFO:werkzeug:127.0.0.1 - - [21/Sep/2024 11:08:47] "GET / HTTP/1.1" 200 -
INFO:werkzeug:127.0.0.1 - - [21/Sep/2024 11:08:47] "[33mGET /favicon.ico HTTP/1.1[0m" 404 -
INFO:werkzeug:[31m[1mWARNING: This is a development server. Do not use it in a production deployment. Use a production WSGI server instead.[0m
 * Running on http://127.0.0.1:61387
INFO:werkzeug:[33mPress CTRL+C to quit[0m
INFO:werkzeug:127.0.0.1 - - [21/Sep/2024 11:09:01] "GET / HTTP/1.1" 200 -
INFO:werkzeug:127.0.0.1 - - [21/Sep/2024 11:09:02] "[33mGET /favicon.ico HTTP/1.1[0m" 404 -
INFO:werkzeug:[31m[1mWARNING: This is a development server. Do not use it in a production deployment. Use a production WSGI server instead.[0m
 * Running on http://127.0.0.1:50093
INFO:werkzeug:[33mPress CTRL+C to quit[0m
INFO:werkzeug:127.0.0.1 - - [21/Sep/2024 11:23:18] "GET / HTTP/1.1" 200 -
INFO:werkzeug:127.0.0.1 - - [21/Sep/2024 11:23:18] "[33mGET /favicon.ico HTTP/1.1[0m" 404 -
INFO:werkzeug:[31m[1mWARNING: This is a development server. Do not use it in a production deployment. Use a production WSGI server instead.[0m
 * Running on http://127.0.0.1:50138
INFO:werkzeug:[33mPress CTRL+C to quit[0m
INFO:werkzeug:127.0.0.1 - - [21/Sep/2024 11:24:00] "GET / HTTP/1.1" 200 -
INFO:werkzeug:127.0.0.1 - - [21/Sep/2024 11:24:00] "[33mGET /favicon.ico HTTP/1.1[0m" 404 -
INFO:werkzeug:[31m[1mWARNING: This is a development server. Do not use it in a production deployment. Use a production WSGI server instead.[0m
 * Running on http://127.0.0.1:55651
INFO:werkzeug:[33mPress CTRL+C to quit[0m
INFO:werkzeug:127.0.0.1 - - [21/Sep/2024 11:47:39] "GET / HTTP/1.1" 200 -
INFO:werkzeug:127.0.0.1 - - [21/Sep/2024 11:47:39] "[33mGET /favicon.ico HTTP/1.1[0m" 404 -
INFO:werkzeug:[31m[1mWARNING: This is a development server. Do not use it in a production deployment. Use a production WSGI server instead.[0m
 * Running on http://127.0.0.1:55683
INFO:werkzeug:[33mPress CTRL+C to quit[0m
INFO:werkzeug:127.0.0.1 - - [21/Sep/2024 11:47:50] "GET / HTTP/1.1" 200 -
INFO:werkzeug:127.0.0.1 - - [21/Sep/2024 11:47:50] "[33mGET /favicon.ico HTTP/1.1[0m" 404 -
INFO:werkzeug:[31m[1mWARNING: This is a development server. Do not use it in a production deployment. Use a production WSGI server instead.[0m
 * Running on http://127.0.0.1:55872
INFO:werkzeug:[33mPress CTRL+C to quit[0m
ERROR:main:Exception on / [GET]
Traceback (most recent call last):
  File "d:\LotusApp\main.py", line 43, in home
    records = Service.countPatients(Service, wb, day, medical_file)
  File "d:\LotusApp\service\service.py", line 90, in countPatients
    wb.save(folder_path) #update excel file
  File "d:\LotusApp\.venv\lib\site-packages\openpyxl\workbook\workbook.py", line 386, in save
    save_workbook(self, filename)
  File "d:\LotusApp\.venv\lib\site-packages\openpyxl\writer\excel.py", line 291, in save_workbook
    archive = ZipFile(filename, 'w', ZIP_DEFLATED, allowZip64=True)
  File "C:\Program Files\Python310\lib\zipfile.py", line 1251, in __init__
    self.fp = io.open(file, filemode)
PermissionError: [Errno 13] Permission denied: 'D:\\LotusApp\\records/medical.xlsx'

During handling of the above exception, another exception occurred:

Traceback (most recent call last):
  File "d:\LotusApp\.venv\lib\site-packages\flask\app.py", line 1455, in wsgi_app
    response = self.full_dispatch_request()
  File "d:\LotusApp\.venv\lib\site-packages\flask\app.py", line 869, in full_dispatch_request
    rv = self.handle_user_exception(e)
  File "d:\LotusApp\.venv\lib\site-packages\flask\app.py", line 867, in full_dispatch_request
    rv = self.dispatch_request()
  File "d:\LotusApp\.venv\lib\site-packages\flask\app.py", line 852, in dispatch_request
    return self.ensure_sync(self.view_functions[rule.endpoint])(**view_args)
  File "d:\LotusApp\main.py", line 50, in home
    err_msg = Service.fromErrorMsgToEnum()
TypeError: Service.fromErrorMsgToEnum() missing 1 required positional argument: 'err_msg'
INFO:werkzeug:127.0.0.1 - - [21/Sep/2024 11:48:17] "[35m[1mGET / HTTP/1.1[0m" 500 -
INFO:werkzeug:127.0.0.1 - - [21/Sep/2024 11:48:17] "[33mGET /favicon.ico HTTP/1.1[0m" 404 -
INFO:werkzeug:[31m[1mWARNING: This is a development server. Do not use it in a production deployment. Use a production WSGI server instead.[0m
 * Running on http://127.0.0.1:55900
INFO:werkzeug:[33mPress CTRL+C to quit[0m
INFO:werkzeug:[31m[1mWARNING: This is a development server. Do not use it in a production deployment. Use a production WSGI server instead.[0m
 * Running on http://127.0.0.1:55946
INFO:werkzeug:[33mPress CTRL+C to quit[0m
ERROR:main:=============> Controller : in def def home - [Errno 13] Permission denied: 'd:\\LotusApp\\records/medical.xlsx'
INFO:werkzeug:127.0.0.1 - - [21/Sep/2024 11:49:22] "GET / HTTP/1.1" 200 -
INFO:werkzeug:127.0.0.1 - - [21/Sep/2024 11:49:22] "[33mGET /favicon.ico HTTP/1.1[0m" 404 -
